{
  "RSpec": {
    "coverage": {
      "/Users/spencerdixon/work/apps/chatto-hub/app/forms/project_form.rb": [
        1,
        1,
        1,
        null,
        1,
        1,
        1,
        1,
        1,
        null,
        1,
        null,
        1,
        null,
        1,
        null,
        1,
        2,
        1,
        1,
        null,
        1,
        null,
        null,
        null,
        1,
        6,
        6,
        6,
        6,
        null,
        null,
        1,
        null,
        1,
        3,
        1,
        null,
        null,
        null,
        1,
        6,
        6,
        6,
        6,
        null,
        null,
        1,
        2,
        2,
        null,
        2,
        2,
        2,
        2,
        2,
        null,
        0,
        null,
        null,
        null,
        1,
        2,
        null,
        0,
        null,
        null
      ],
      "/Users/spencerdixon/work/apps/chatto-hub/app/models/project.rb": [
        1,
        1,
        null,
        null,
        null,
        1,
        1,
        null,
        null
      ],
      "/Users/spencerdixon/work/apps/chatto-hub/app/models/project_membership.rb": [
        1,
        1,
        1,
        null
      ]
    },
    "timestamp": 1438286682
  }
}
