{
  "RSpec": {
    "coverage": {
      "/Users/spencerdixon/work/apps/chatto-hub/app/models/guest_user.rb": [
        1,
        1,
        1,
        null,
        null,
        1,
        8,
        null,
        null,
        1,
        1,
        null,
        null
      ],
      "/Users/spencerdixon/work/apps/chatto-hub/app/controllers/homes_controller.rb": [
        1,
        1,
        null,
        null
      ],
      "/Users/spencerdixon/work/apps/chatto-hub/app/controllers/application_controller.rb": [
        1,
        null,
        null,
        1,
        null,
        1,
        11,
        4,
        null,
        7,
        null,
        null,
        null,
        1,
        0,
        null,
        0,
        0,
        0,
        null,
        null,
        null
      ],
      "/Users/spencerdixon/work/apps/chatto-hub/app/controllers/users/omniauth_callbacks_controller.rb": [
        1,
        1,
        2,
        null,
        null,
        2,
        2,
        2,
        null,
        0,
        null,
        null,
        null,
        1,
        null,
        1,
        2,
        null,
        null,
        null
      ],
      "/Users/spencerdixon/work/apps/chatto-hub/app/models/project.rb": [
        1,
        1,
        null,
        null,
        null,
        1,
        1,
        null,
        null
      ],
      "/Users/spencerdixon/work/apps/chatto-hub/app/controllers/projects_controller.rb": [
        1,
        1,
        null,
        1,
        1,
        null,
        null,
        1,
        0,
        null,
        null,
        1,
        0,
        null,
        null,
        null,
        null,
        null,
        0,
        0,
        null,
        0,
        null,
        null,
        null,
        1,
        null,
        1,
        0,
        null,
        null
      ]
    },
    "timestamp": 1438280163
  }
}
